[TRACE] 09-01-2019 14:52:01.623  - ** Spouštím test tests.TestOne **
[ERROR] 09-01-2019 14:52:09.899  - !!! Neznámá chyba !!! org.openqa.selenium.SessionNotCreatedException: session not created
from chrome not reachable
  (Session info: chrome=71.0.3578.98)
  (Driver info: chromedriver=2.45.615291 (ec3682e3c9061c10f26ea9e5cdcf3c53f3f74387),platform=Windows NT 6.3.9600 x86_64) (WARNING: The server did not provide any stacktrace information)
Command duration or timeout: 6.79 seconds
Build info: version: '3.141.59', revision: 'e82be7d358', time: '2018-11-14T08:17:03'
System info: host: 'KONIR', ip: '10.17.4.87', os.name: 'Windows Server 2012 R2', os.arch: 'amd64', os.version: '6.3', java.version: '1.8.0_171'
Driver info: driver.version: ChromeWebDriver
